<?xml version="1.0" encoding="UTF-8"?>
<!-- Generated by org.testng.reporters.JUnitReportReporter -->
<testsuite hostname="US-PC02EEPC" failures="0" tests="1" name="BatchTesting.TestNGPush" time="0.014" errors="0" timestamp="2020-05-09T11:00:41 CDT" skipped="0">
  <testcase classname="BatchTesting.TestNGPush" name="f" time="0.014"/>
  <system-out/>
</testsuite> <!-- BatchTesting.TestNGPush -->
