<?xml version="1.0" encoding="UTF-8"?>
<!-- Generated by org.testng.reporters.JUnitReportReporter -->
<testsuite hostname="US-PC02EEPC" failures="0" tests="1" name="BatchTesting.PaymentReturns" time="0.004" errors="0" timestamp="2020-05-07T12:47:57 CDT" skipped="0">
  <testcase classname="BatchTesting.PaymentReturns" name="paymentReturnByBank" time="0.004"/>
  <system-out/>
</testsuite> <!-- BatchTesting.PaymentReturns -->
