<?xml version="1.0" encoding="UTF-8"?>
<!-- Generated by org.testng.reporters.JUnitReportReporter -->
<testsuite hostname="US-PC02EEPC" failures="0" tests="2" name="BatchTesting.PaymentTest" time="0.005" errors="0" timestamp="2020-05-07T12:47:57 CDT" skipped="0">
  <testcase classname="BatchTesting.PaymentTest" name="paymentInRupees" time="0.002"/>
  <system-out/>
  <testcase classname="BatchTesting.PaymentTest" name="paymentInDollar" time="0.003"/>
  <system-out/>
</testsuite> <!-- BatchTesting.PaymentTest -->
