<?xml version="1.0" encoding="UTF-8"?>
<!-- Generated by org.testng.reporters.JUnitReportReporter -->
<testsuite hostname="US-PC02EEPC" failures="0" tests="3" name="BatchTesting.LoginTest" time="0.017" errors="0" timestamp="2020-05-07T12:47:57 CDT" skipped="0">
  <testcase classname="BatchTesting.LoginTest" name="loginByTwitter" time="0.002"/>
  <system-out/>
  <testcase classname="BatchTesting.LoginTest" name="loginByEmail" time="0.012"/>
  <system-out/>
  <testcase classname="BatchTesting.LoginTest" name="loginByFacebook" time="0.003"/>
  <system-out/>
</testsuite> <!-- BatchTesting.LoginTest -->
