<?xml version="1.0" encoding="UTF-8"?>
<!-- Generated by org.testng.reporters.JUnitReportReporter -->
<testsuite hostname="US-PC02EEPC" failures="0" tests="3" name="BatchTesting.SignUpTest" time="0.007" errors="0" timestamp="2020-05-07T12:47:57 CDT" skipped="0">
  <testcase classname="BatchTesting.SignUpTest" name="signUpByTwitter" time="0.002"/>
  <system-out/>
  <testcase classname="BatchTesting.SignUpTest" name="signUpByEmail" time="0.002"/>
  <system-out/>
  <testcase classname="BatchTesting.SignUpTest" name="signUpByFacebook" time="0.003"/>
  <system-out/>
</testsuite> <!-- BatchTesting.SignUpTest -->
